<?xml version="1.0" encoding="utf-8"?><testsuites><testsuite errors="0" failures="0" hostname="lfabs-X580VN" name="pytest" skipped="0" tests="2" time="0.077" timestamp="2021-10-28T10:55:49.799150"><testcase classname="SampleProject.testing.test_utils.TestUtils" name="test_how_many_seconds[test_input0-90060]" time="0.002" /><testcase classname="SampleProject.testing.test_utils.TestUtils" name="test_how_many_seconds[test_input1-90070]" time="0.002" /></testsuite></testsuites>